============================================================
METADATA EXTRACTION MONITORING SERVICE
============================================================
Monitoring /Users/canal/gamelist_manyplayers/reviews/
Output directory: /Users/canal/gamelist_manyplayers/data/
Press Ctrl+C to stop
============================================================
Loading original comments and prices...
Starting with 76 already processed files

[Iteration 1] Found 11 new file(s) to process:
  ✓ Carrot Commotion.md -> Carrot Commotion.json
  ✓ Ewephoria.md -> Ewephoria.json
  ✓ PICOPARK.md -> PICOPARK.json
  ✓ ProjectPlanetEarthVsHumanity.md -> ProjectPlanetEarthVsHumanity.json
  ✓ RetroWar 8-bit Party Battle.md -> RetroWar 8-bit Party Battle.json
  ✓ Spaceteam The Second Dimension.md -> Spaceteam The Second Dimension.json
  ✓ The Jackbox Party Pack 5.md -> The Jackbox Party Pack 5.json
  ✓ The Jackbox Party Starter.md -> The Jackbox Party Starter.json
  ✓ TheLivingDungeon.md -> TheLivingDungeon.json
  ✓ Wild Honesty A party game for deeper conversations.md -> Wild Honesty A party game for deeper conversations.json
  ✓ Wordabeasts.md -> Wordabeasts.json

[Iteration 2] Found 1 new file(s) to process:
  ✓ Pixel Fishies.md -> Pixel Fishies.json

[Iteration 3] Found 2 new file(s) to process:
  ✓ SnackHunter.md -> SnackHunter.json
  ✓ The Jackbox Party Pack 3.md -> The Jackbox Party Pack 3.json

[Iteration 4] Found 1 new file(s) to process:
  ✓ TheYouQuiz.md -> TheYouQuiz.json

[Iteration 6] Found 1 new file(s) to process:
  ✓ Hardtrace.md -> Hardtrace.json

[Iteration 9] Found 4 new file(s) to process:
  ✓ AsteroidsMultiplayer.md -> AsteroidsMultiplayer.json
  ✓ Awkward2ThePartyGameOfSavageSecrets.md -> Awkward2ThePartyGameOfSavageSecrets.json
  ✓ Dog Fight Super Ultra Deluxe.md -> Dog Fight Super Ultra Deluxe.json
  ✓ Spaceteam VR.md -> Spaceteam VR.json
[Iteration 10] No new files. Total processed: 96

[Iteration 11] Found 4 new file(s) to process:
  ✓ Dominions - Priests, Prophets & Pretenders.md -> Dominions - Priests, Prophets & Pretenders.json
  ✓ Dominions 2 - The Ascension Wars.md -> Dominions 2 - The Ascension Wars.json
  ✓ Radiis.md -> Radiis.json
  ✓ Tabletop Simulator.md -> Tabletop Simulator.json

[Iteration 13] Found 1 new file(s) to process:
  ✓ PaperPirates.md -> PaperPirates.json

[Iteration 14] Found 1 new file(s) to process:
  ✓ TheJackboxSurveyScramble.md -> TheJackboxSurveyScramble.json

[Iteration 15] Found 6 new file(s) to process:
  ✓ Clue Cluedo Classic Edition.md -> Clue Cluedo Classic Edition.json
  ✓ FurAndFists.md -> FurAndFists.json
  ✓ Just Dance 2017.md -> Just Dance 2017.json
  ✓ The Jackbox Party Pack 2.md -> The Jackbox Party Pack 2.json
  ✓ Ticket to Ride.md -> Ticket to Ride.json
  ✓ Yesterdays News.md -> Yesterdays News.json

[Iteration 16] Found 1 new file(s) to process:
  ✓ Fibbage XL.md -> Fibbage XL.json

[Iteration 17] Found 1 new file(s) to process:
  ✓ RiffTraxTheGame.md -> RiffTraxTheGame.json

[Iteration 18] Found 1 new file(s) to process:
  ✓ ANYKEY.md -> ANYKEY.json
[Iteration 20] No new files. Total processed: 111

[Iteration 21] Found 2 new file(s) to process:
  ✓ TheGifGame.md -> TheGifGame.json
  ✓ UpToPar.md -> UpToPar.json

[Iteration 22] Found 2 new file(s) to process:
  ✓ Its Quiz Time.md -> Its Quiz Time.json
  ✓ MarkiGameCollection.md -> MarkiGameCollection.json

[Iteration 27] Found 2 new file(s) to process:
  ✓ CouncilOfMagesThePartyGame.md -> CouncilOfMagesThePartyGame.json
  ✓ Sunken.md -> Sunken.json

[Iteration 28] Found 1 new file(s) to process:
  ✓ SpringDogs.md -> SpringDogs.json

[Iteration 29] Found 1 new file(s) to process:
  ✓ Lights Camera Reaction IRL Edition.md -> Lights Camera Reaction IRL Edition.json

[Iteration 30] Found 1 new file(s) to process:
  ✓ SpeedRunners.md -> SpeedRunners.json

[Iteration 31] Found 1 new file(s) to process:
  ✓ DeviationGame.md -> DeviationGame.json

[Iteration 32] Found 5 new file(s) to process:
  ✓ Papas Quiz.md -> Papas Quiz.json
  ✓ Space Bomb.md -> Space Bomb.json
  ✓ Survivors of Borridor.md -> Survivors of Borridor.json
  ✓ The Jackbox Party Pack 11.md -> The Jackbox Party Pack 11.json
  ✓ telAIphone.md -> telAIphone.json

[Iteration 33] Found 4 new file(s) to process:
  ✓ Conquest of Elysium 5.md -> Conquest of Elysium 5.json
  ✓ Sid Meier's Civilization IV.md -> Sid Meier's Civilization IV.json
  ✓ Sid Meier's Civilization V.md -> Sid Meier's Civilization V.json
  ✓ Sid Meier's Civilization VI.md -> Sid Meier's Civilization VI.json

[Iteration 34] Found 1 new file(s) to process:
  ✓ Quiz Quest.md -> Quiz Quest.json

[Iteration 35] Found 1 new file(s) to process:
  ✓ ROUNDS.md -> ROUNDS.json

[Iteration 36] Found 1 new file(s) to process:
  ✓ TrafficJams.md -> TrafficJams.json

[Iteration 37] Found 2 new file(s) to process:
  ✓ Selfie Games [TV] A Multiplayer Couch Party Game.md -> Selfie Games [TV] A Multiplayer Couch Party Game.json
  ✓ ThePlanetologist.md -> ThePlanetologist.json
[Iteration 40] No new files. Total processed: 135

[Iteration 41] Found 2 new file(s) to process:
  ✓ Abomin-Agency.md -> Abomin-Agency.json
  ✓ Turing Quest.md -> Turing Quest.json

[Iteration 43] Found 1 new file(s) to process:
  ✓ ClickOnSpannersTogether.md -> ClickOnSpannersTogether.json

[Iteration 45] Found 1 new file(s) to process:
  ✓ SunsetRacing.md -> SunsetRacing.json

[Iteration 46] Found 2 new file(s) to process:
  ✓ BeamNG.drive.md -> BeamNG.drive.json
  ✓ KingOfTheCastle.md -> KingOfTheCastle.json

[Iteration 48] Found 1 new file(s) to process:
  ✓ The Jackbox Naughty Pack.md -> The Jackbox Naughty Pack.json

[Iteration 49] Found 1 new file(s) to process:
  ✓ ClickOnLadybugsTogether.md -> ClickOnLadybugsTogether.json

[Iteration 50] Found 11 new file(s) to process:
  ✓ Aiball.md -> Aiball.json
  ✓ Assimilate! (A Party Game).md -> Assimilate! (A Party Game).json
  ✓ Drink More Glurp.md -> Drink More Glurp.json
  ✓ Groupthink.md -> Groupthink.json
  ✓ Partition Sector.md -> Partition Sector.json
  ✓ Plunder Panic.md -> Plunder Panic.json
  ✓ Potato Party Hash It Out.md -> Potato Party Hash It Out.json
  ✓ Republic of Jungle.md -> Republic of Jungle.json
  ✓ Space Debris.md -> Space Debris.json
  ✓ The Jackbox Party Pack 8.md -> The Jackbox Party Pack 8.json
  ✓ What The Dub.md -> What The Dub.json

[Iteration 51] Found 6 new file(s) to process:
  ✓ Christmas Movie Bingo.md -> Christmas Movie Bingo.json
  ✓ DuckHunt - Missouri Kidz.md -> DuckHunt - Missouri Kidz.json
  ✓ DuckHunt - Missouri.md -> DuckHunt - Missouri.json
  ✓ Horror Movie Bingo.md -> Horror Movie Bingo.json
  ✓ PengoRoyale.md -> PengoRoyale.json
  ✓ Spell Swap.md -> Spell Swap.json

[Iteration 53] Found 1 new file(s) to process:
  ✓ GrabYourFriends.md -> GrabYourFriends.json

[Iteration 54] Found 4 new file(s) to process:
  ✓ ClickOnBellsTogether.md -> ClickOnBellsTogether.json
  ✓ Crazy Farm VRGROUND.md -> Crazy Farm VRGROUND.json
  ✓ F2DSteerToPersevere.md -> F2DSteerToPersevere.json
  ✓ Hotlap Heroes.md -> Hotlap Heroes.json

[Iteration 55] Found 4 new file(s) to process:
  ✓ Conquest of Elysium 4.md -> Conquest of Elysium 4.json
  ✓ Quiplash 2 InterLASHional.md -> Quiplash 2 InterLASHional.json
  ✓ Use Your Words 2.md -> Use Your Words 2.json
  ✓ Verse Surf.md -> Verse Surf.json

[Iteration 58] Found 1 new file(s) to process:
  ✓ Unfriend.md -> Unfriend.json

[Iteration 60] Found 2 new file(s) to process:
  ✓ ClickOnCandyTogether.md -> ClickOnCandyTogether.json
  ✓ QR Controller.md -> QR Controller.json

[Iteration 61] Found 1 new file(s) to process:
  ✓ SpiderHeck.md -> SpiderHeck.json

[Iteration 62] Found 1 new file(s) to process:
  ✓ Constructionary.md -> Constructionary.json

[Iteration 63] Found 1 new file(s) to process:
  ✓ JabbyGamesPack1.md -> JabbyGamesPack1.json

[Iteration 65] Found 1 new file(s) to process:
  ✓ ClickOnLanternsTogether.md -> ClickOnLanternsTogether.json

[Iteration 67] Found 1 new file(s) to process:
  ✓ Use Your Words.md -> Use Your Words.json

[Iteration 68] Found 1 new file(s) to process:
  ✓ TowerFallAscension.md -> TowerFallAscension.json

[Iteration 70] Found 2 new file(s) to process:
  ✓ ClickOnStaplersTogether.md -> ClickOnStaplersTogether.json
  ✓ Splort.md -> Splort.json

[Iteration 71] Found 1 new file(s) to process:
  ✓ PartyLine VR.md -> PartyLine VR.json

[Iteration 74] Found 2 new file(s) to process:
  ✓ Quiplash.md -> Quiplash.json
  ✓ UltimateChickenHorse.md -> UltimateChickenHorse.json

[Iteration 76] Found 1 new file(s) to process:
  ✓ ClickOnRedPandasTogether.md -> ClickOnRedPandasTogether.json

[Iteration 77] Found 1 new file(s) to process:
  ✓ ClickOnClocksTogether.md -> ClickOnClocksTogether.json

[Iteration 79] Found 1 new file(s) to process:
  ✓ reaktron.md -> reaktron.json
[Iteration 80] No new files. Total processed: 186

[Iteration 81] Found 2 new file(s) to process:
  ✓ ClickOnPinaColadasTogether.md -> ClickOnPinaColadasTogether.json
  ✓ Scribble Plus.md -> Scribble Plus.json

[Iteration 82] Found 1 new file(s) to process:
  ✓ ClickOnCupsTogether.md -> ClickOnCupsTogether.json

[Iteration 89] Found 2 new file(s) to process:
  ✓ As Dusk Falls.md -> As Dusk Falls.json
  ✓ SnowDown.md -> SnowDown.json

[Iteration 90] Found 2 new file(s) to process:
  ✓ CouchCup.md -> CouchCup.json
  ✓ Reiko's Fragments.md -> Reiko's Fragments.json

[Iteration 95] Found 1 new file(s) to process:
  ✓ Play Friends Party Games.md -> Play Friends Party Games.json

[Iteration 98] Found 1 new file(s) to process:
  ✓ KobberPartyCastleExplorer.md -> KobberPartyCastleExplorer.json

[Iteration 99] Found 1 new file(s) to process:
  ✓ Operation Armstrong.md -> Operation Armstrong.json
[Iteration 100] No new files. Total processed: 196

[Iteration 101] Found 1 new file(s) to process:
  ✓ Made to Order The Party Game.md -> Made to Order The Party Game.json

[Iteration 105] Found 1 new file(s) to process:
  ✓ SpaceBoots.md -> SpaceBoots.json

[Iteration 109] Found 1 new file(s) to process:
  ✓ Lights, Camera, Reaction!.md -> Lights, Camera, Reaction!.json
[Iteration 110] No new files. Total processed: 199

[Iteration 113] Found 1 new file(s) to process:
  ✓ MajorPartyRacing.md -> MajorPartyRacing.json

[Iteration 120] Found 1 new file(s) to process:
  ✓ Bomb Fight.md -> Bomb Fight.json

[Iteration 128] Found 1 new file(s) to process:
  ✓ Corona Find Us.md -> Corona Find Us.json
[Iteration 130] No new files. Total processed: 202

[Iteration 137] Found 1 new file(s) to process:
  ✓ Funanigans Party Games.md -> Funanigans Party Games.json
[Iteration 140] No new files. Total processed: 203

[Iteration 147] Found 1 new file(s) to process:
  ✓ Star Escape.md -> Star Escape.json
[Iteration 150] No new files. Total processed: 204
[Iteration 160] No new files. Total processed: 204
[Iteration 170] No new files. Total processed: 204
[Iteration 180] No new files. Total processed: 204
[Iteration 190] No new files. Total processed: 204
[Iteration 200] No new files. Total processed: 204
[Iteration 210] No new files. Total processed: 204
[Iteration 220] No new files. Total processed: 204
[Iteration 230] No new files. Total processed: 204
[Iteration 240] No new files. Total processed: 204
[Iteration 250] No new files. Total processed: 204
[Iteration 260] No new files. Total processed: 204
[Iteration 270] No new files. Total processed: 204
[Iteration 280] No new files. Total processed: 204
[Iteration 290] No new files. Total processed: 204
[Iteration 300] No new files. Total processed: 204
[Iteration 310] No new files. Total processed: 204
[Iteration 320] No new files. Total processed: 204
[Iteration 330] No new files. Total processed: 204
[Iteration 340] No new files. Total processed: 204
[Iteration 350] No new files. Total processed: 204
[Iteration 360] No new files. Total processed: 204
[Iteration 370] No new files. Total processed: 204
[Iteration 380] No new files. Total processed: 204
[Iteration 390] No new files. Total processed: 204
[Iteration 400] No new files. Total processed: 204
[Iteration 410] No new files. Total processed: 204
[Iteration 420] No new files. Total processed: 204
[Iteration 430] No new files. Total processed: 204
[Iteration 440] No new files. Total processed: 204
[Iteration 450] No new files. Total processed: 204
[Iteration 460] No new files. Total processed: 204
[Iteration 470] No new files. Total processed: 204
[Iteration 480] No new files. Total processed: 204
[Iteration 490] No new files. Total processed: 204
[Iteration 500] No new files. Total processed: 204
[Iteration 510] No new files. Total processed: 204
[Iteration 520] No new files. Total processed: 204
[Iteration 530] No new files. Total processed: 204
[Iteration 540] No new files. Total processed: 204
[Iteration 550] No new files. Total processed: 204
[Iteration 560] No new files. Total processed: 204
[Iteration 570] No new files. Total processed: 204
[Iteration 580] No new files. Total processed: 204
[Iteration 590] No new files. Total processed: 204
[Iteration 600] No new files. Total processed: 204
[Iteration 610] No new files. Total processed: 204
[Iteration 620] No new files. Total processed: 204
[Iteration 630] No new files. Total processed: 204
[Iteration 640] No new files. Total processed: 204
[Iteration 650] No new files. Total processed: 204
[Iteration 660] No new files. Total processed: 204
[Iteration 670] No new files. Total processed: 204
[Iteration 680] No new files. Total processed: 204
[Iteration 690] No new files. Total processed: 204
[Iteration 700] No new files. Total processed: 204
[Iteration 710] No new files. Total processed: 204
[Iteration 720] No new files. Total processed: 204
[Iteration 730] No new files. Total processed: 204
[Iteration 740] No new files. Total processed: 204
[Iteration 750] No new files. Total processed: 204
[Iteration 760] No new files. Total processed: 204
[Iteration 770] No new files. Total processed: 204
[Iteration 780] No new files. Total processed: 204
[Iteration 790] No new files. Total processed: 204
[Iteration 800] No new files. Total processed: 204
[Iteration 810] No new files. Total processed: 204
[Iteration 820] No new files. Total processed: 204
[Iteration 830] No new files. Total processed: 204
[Iteration 840] No new files. Total processed: 204
[Iteration 850] No new files. Total processed: 204
[Iteration 860] No new files. Total processed: 204
[Iteration 870] No new files. Total processed: 204
[Iteration 880] No new files. Total processed: 204
[Iteration 890] No new files. Total processed: 204
[Iteration 900] No new files. Total processed: 204
[Iteration 910] No new files. Total processed: 204
[Iteration 920] No new files. Total processed: 204
[Iteration 930] No new files. Total processed: 204
[Iteration 940] No new files. Total processed: 204
[Iteration 950] No new files. Total processed: 204
[Iteration 960] No new files. Total processed: 204
[Iteration 970] No new files. Total processed: 204
[Iteration 980] No new files. Total processed: 204
[Iteration 990] No new files. Total processed: 204
[Iteration 1000] No new files. Total processed: 204
[Iteration 1010] No new files. Total processed: 204
[Iteration 1020] No new files. Total processed: 204
[Iteration 1030] No new files. Total processed: 204
[Iteration 1040] No new files. Total processed: 204
[Iteration 1050] No new files. Total processed: 204
[Iteration 1060] No new files. Total processed: 204
[Iteration 1070] No new files. Total processed: 204
[Iteration 1080] No new files. Total processed: 204
[Iteration 1090] No new files. Total processed: 204
[Iteration 1100] No new files. Total processed: 204
[Iteration 1110] No new files. Total processed: 204
[Iteration 1120] No new files. Total processed: 204
[Iteration 1130] No new files. Total processed: 204
[Iteration 1140] No new files. Total processed: 204
[Iteration 1150] No new files. Total processed: 204
[Iteration 1160] No new files. Total processed: 204
[Iteration 1170] No new files. Total processed: 204
[Iteration 1180] No new files. Total processed: 204
[Iteration 1190] No new files. Total processed: 204
[Iteration 1200] No new files. Total processed: 204
[Iteration 1210] No new files. Total processed: 204
[Iteration 1220] No new files. Total processed: 204
[Iteration 1230] No new files. Total processed: 204
[Iteration 1240] No new files. Total processed: 204
[Iteration 1250] No new files. Total processed: 204
[Iteration 1260] No new files. Total processed: 204
[Iteration 1270] No new files. Total processed: 204
[Iteration 1280] No new files. Total processed: 204
[Iteration 1290] No new files. Total processed: 204
[Iteration 1300] No new files. Total processed: 204
[Iteration 1310] No new files. Total processed: 204
[Iteration 1320] No new files. Total processed: 204
[Iteration 1330] No new files. Total processed: 204
[Iteration 1340] No new files. Total processed: 204
[Iteration 1350] No new files. Total processed: 204
[Iteration 1360] No new files. Total processed: 204
[Iteration 1370] No new files. Total processed: 204
[Iteration 1380] No new files. Total processed: 204
[Iteration 1390] No new files. Total processed: 204
[Iteration 1400] No new files. Total processed: 204
[Iteration 1410] No new files. Total processed: 204
[Iteration 1420] No new files. Total processed: 204
[Iteration 1430] No new files. Total processed: 204
[Iteration 1440] No new files. Total processed: 204
[Iteration 1450] No new files. Total processed: 204
[Iteration 1460] No new files. Total processed: 204
[Iteration 1470] No new files. Total processed: 204
[Iteration 1480] No new files. Total processed: 204
[Iteration 1490] No new files. Total processed: 204
[Iteration 1500] No new files. Total processed: 204
[Iteration 1510] No new files. Total processed: 204
[Iteration 1520] No new files. Total processed: 204
[Iteration 1530] No new files. Total processed: 204
[Iteration 1540] No new files. Total processed: 204
[Iteration 1550] No new files. Total processed: 204
[Iteration 1560] No new files. Total processed: 204
[Iteration 1570] No new files. Total processed: 204
[Iteration 1580] No new files. Total processed: 204
[Iteration 1590] No new files. Total processed: 204
[Iteration 1600] No new files. Total processed: 204
[Iteration 1610] No new files. Total processed: 204
[Iteration 1620] No new files. Total processed: 204
[Iteration 1630] No new files. Total processed: 204
[Iteration 1640] No new files. Total processed: 204
[Iteration 1650] No new files. Total processed: 204
[Iteration 1660] No new files. Total processed: 204
[Iteration 1670] No new files. Total processed: 204
[Iteration 1680] No new files. Total processed: 204
[Iteration 1690] No new files. Total processed: 204
[Iteration 1700] No new files. Total processed: 204
[Iteration 1710] No new files. Total processed: 204
[Iteration 1720] No new files. Total processed: 204
[Iteration 1730] No new files. Total processed: 204
[Iteration 1740] No new files. Total processed: 204
[Iteration 1750] No new files. Total processed: 204
[Iteration 1760] No new files. Total processed: 204
[Iteration 1770] No new files. Total processed: 204
[Iteration 1780] No new files. Total processed: 204
[Iteration 1790] No new files. Total processed: 204
[Iteration 1800] No new files. Total processed: 204
[Iteration 1810] No new files. Total processed: 204
[Iteration 1820] No new files. Total processed: 204
[Iteration 1830] No new files. Total processed: 204
[Iteration 1840] No new files. Total processed: 204
[Iteration 1850] No new files. Total processed: 204
[Iteration 1860] No new files. Total processed: 204
[Iteration 1870] No new files. Total processed: 204
[Iteration 1880] No new files. Total processed: 204
[Iteration 1890] No new files. Total processed: 204
[Iteration 1900] No new files. Total processed: 204
[Iteration 1910] No new files. Total processed: 204
[Iteration 1920] No new files. Total processed: 204
[Iteration 1930] No new files. Total processed: 204
[Iteration 1940] No new files. Total processed: 204
[Iteration 1950] No new files. Total processed: 204
[Iteration 1960] No new files. Total processed: 204
[Iteration 1970] No new files. Total processed: 204
[Iteration 1980] No new files. Total processed: 204
[Iteration 1990] No new files. Total processed: 204
[Iteration 2000] No new files. Total processed: 204
[Iteration 2010] No new files. Total processed: 204
[Iteration 2020] No new files. Total processed: 204
[Iteration 2030] No new files. Total processed: 204
[Iteration 2040] No new files. Total processed: 204
[Iteration 2050] No new files. Total processed: 204
[Iteration 2060] No new files. Total processed: 204
[Iteration 2070] No new files. Total processed: 204
[Iteration 2080] No new files. Total processed: 204
[Iteration 2090] No new files. Total processed: 204
[Iteration 2100] No new files. Total processed: 204
[Iteration 2110] No new files. Total processed: 204
[Iteration 2120] No new files. Total processed: 204
[Iteration 2130] No new files. Total processed: 204
[Iteration 2140] No new files. Total processed: 204
[Iteration 2150] No new files. Total processed: 204
[Iteration 2160] No new files. Total processed: 204
[Iteration 2170] No new files. Total processed: 204
[Iteration 2180] No new files. Total processed: 204
[Iteration 2190] No new files. Total processed: 204
[Iteration 2200] No new files. Total processed: 204
[Iteration 2210] No new files. Total processed: 204
[Iteration 2220] No new files. Total processed: 204
[Iteration 2230] No new files. Total processed: 204
[Iteration 2240] No new files. Total processed: 204
[Iteration 2250] No new files. Total processed: 204
[Iteration 2260] No new files. Total processed: 204
[Iteration 2270] No new files. Total processed: 204
[Iteration 2280] No new files. Total processed: 204
[Iteration 2290] No new files. Total processed: 204
[Iteration 2300] No new files. Total processed: 204
[Iteration 2310] No new files. Total processed: 204
[Iteration 2320] No new files. Total processed: 204
[Iteration 2330] No new files. Total processed: 204
[Iteration 2340] No new files. Total processed: 204
[Iteration 2350] No new files. Total processed: 204
[Iteration 2360] No new files. Total processed: 204
[Iteration 2370] No new files. Total processed: 204
[Iteration 2380] No new files. Total processed: 204
[Iteration 2390] No new files. Total processed: 204
[Iteration 2400] No new files. Total processed: 204
[Iteration 2410] No new files. Total processed: 204
[Iteration 2420] No new files. Total processed: 204
[Iteration 2430] No new files. Total processed: 204
[Iteration 2440] No new files. Total processed: 204
[Iteration 2450] No new files. Total processed: 204
[Iteration 2460] No new files. Total processed: 204
[Iteration 2470] No new files. Total processed: 204
[Iteration 2480] No new files. Total processed: 204
[Iteration 2490] No new files. Total processed: 204
[Iteration 2500] No new files. Total processed: 204
[Iteration 2510] No new files. Total processed: 204
[Iteration 2520] No new files. Total processed: 204
[Iteration 2530] No new files. Total processed: 204
[Iteration 2540] No new files. Total processed: 204
[Iteration 2550] No new files. Total processed: 204
[Iteration 2560] No new files. Total processed: 204
[Iteration 2570] No new files. Total processed: 204
[Iteration 2580] No new files. Total processed: 204
[Iteration 2590] No new files. Total processed: 204
[Iteration 2600] No new files. Total processed: 204
[Iteration 2610] No new files. Total processed: 204
[Iteration 2620] No new files. Total processed: 204
[Iteration 2630] No new files. Total processed: 204
[Iteration 2640] No new files. Total processed: 204
[Iteration 2650] No new files. Total processed: 204
[Iteration 2660] No new files. Total processed: 204
[Iteration 2670] No new files. Total processed: 204
[Iteration 2680] No new files. Total processed: 204
[Iteration 2690] No new files. Total processed: 204
[Iteration 2700] No new files. Total processed: 204
[Iteration 2710] No new files. Total processed: 204
[Iteration 2720] No new files. Total processed: 204
[Iteration 2730] No new files. Total processed: 204
[Iteration 2740] No new files. Total processed: 204
[Iteration 2750] No new files. Total processed: 204
[Iteration 2760] No new files. Total processed: 204
[Iteration 2770] No new files. Total processed: 204
